<?xml version="1.0" encoding="UTF-8"?>
<testsuite xmlns:xsi="http://www.w3.org/2001/XMLSchema-instance" xsi:noNamespaceSchemaLocation="https://maven.apache.org/surefire/maven-surefire-plugin/xsd/surefire-test-report-3.0.xsd" version="3.0" name="me.pengu.event.EventBusTest" time="0.297" tests="3" errors="0" skipped="0" failures="0">
  <properties>
    <property name="sun.desktop" value="windows"/>
    <property name="awt.toolkit" value="sun.awt.windows.WToolkit"/>
    <property name="file.encoding.pkg" value="sun.io"/>
    <property name="java.specification.version" value="1.8"/>
    <property name="sun.cpu.isalist" value="amd64"/>
    <property name="sun.jnu.encoding" value="Cp1252"/>
    <property name="java.class.path" value="D:\Files\Github\public\Event\target\test-classes;D:\Files\Github\public\Event\target\classes;C:\Users\James\.m2\repository\org\checkerframework\checker-qual\3.22.1\checker-qual-3.22.1.jar;C:\Users\James\.m2\repository\org\projectlombok\lombok\1.18.24\lombok-1.18.24.jar;C:\Users\James\.m2\repository\org\junit\jupiter\junit-jupiter-api\5.9.0-RC1\junit-jupiter-api-5.9.0-RC1.jar;C:\Users\James\.m2\repository\org\opentest4j\opentest4j\1.2.0\opentest4j-1.2.0.jar;C:\Users\James\.m2\repository\org\junit\platform\junit-platform-commons\1.9.0-RC1\junit-platform-commons-1.9.0-RC1.jar;C:\Users\James\.m2\repository\org\apiguardian\apiguardian-api\1.1.2\apiguardian-api-1.1.2.jar;C:\Users\James\.m2\repository\com\google\guava\guava\31.1-jre\guava-31.1-jre.jar;C:\Users\James\.m2\repository\com\google\guava\failureaccess\1.0.1\failureaccess-1.0.1.jar;C:\Users\James\.m2\repository\com\google\guava\listenablefuture\9999.0-empty-to-avoid-conflict-with-guava\listenablefuture-9999.0-empty-to-avoid-conflict-with-guava.jar;C:\Users\James\.m2\repository\com\google\code\findbugs\jsr305\3.0.2\jsr305-3.0.2.jar;C:\Users\James\.m2\repository\com\google\errorprone\error_prone_annotations\2.11.0\error_prone_annotations-2.11.0.jar;C:\Users\James\.m2\repository\com\google\j2objc\j2objc-annotations\1.3\j2objc-annotations-1.3.jar;"/>
    <property name="java.vm.vendor" value="Amazon.com Inc."/>
    <property name="sun.arch.data.model" value="64"/>
    <property name="user.variant" value=""/>
    <property name="java.vendor.url" value="https://aws.amazon.com/corretto/"/>
    <property name="user.timezone" value="Europe/London"/>
    <property name="java.vm.specification.version" value="1.8"/>
    <property name="os.name" value="Windows 10"/>
    <property name="user.country" value="GB"/>
    <property name="sun.java.launcher" value="SUN_STANDARD"/>
    <property name="sun.boot.library.path" value="C:\Users\James\.jdks\corretto-1.8.0_322\jre\bin"/>
    <property name="sun.java.command" value="C:\Users\James\AppData\Local\Temp\surefire6275845046679764594\surefirebooter-20220720173155406_3.jar C:\Users\James\AppData\Local\Temp\surefire6275845046679764594 2022-07-20T17-31-54_609-jvmRun1 surefire-20220720173155406_1tmp surefire_0-20220720173155406_2tmp"/>
    <property name="surefire.test.class.path" value="D:\Files\Github\public\Event\target\test-classes;D:\Files\Github\public\Event\target\classes;C:\Users\James\.m2\repository\org\checkerframework\checker-qual\3.22.1\checker-qual-3.22.1.jar;C:\Users\James\.m2\repository\org\projectlombok\lombok\1.18.24\lombok-1.18.24.jar;C:\Users\James\.m2\repository\org\junit\jupiter\junit-jupiter-api\5.9.0-RC1\junit-jupiter-api-5.9.0-RC1.jar;C:\Users\James\.m2\repository\org\opentest4j\opentest4j\1.2.0\opentest4j-1.2.0.jar;C:\Users\James\.m2\repository\org\junit\platform\junit-platform-commons\1.9.0-RC1\junit-platform-commons-1.9.0-RC1.jar;C:\Users\James\.m2\repository\org\apiguardian\apiguardian-api\1.1.2\apiguardian-api-1.1.2.jar;C:\Users\James\.m2\repository\com\google\guava\guava\31.1-jre\guava-31.1-jre.jar;C:\Users\James\.m2\repository\com\google\guava\failureaccess\1.0.1\failureaccess-1.0.1.jar;C:\Users\James\.m2\repository\com\google\guava\listenablefuture\9999.0-empty-to-avoid-conflict-with-guava\listenablefuture-9999.0-empty-to-avoid-conflict-with-guava.jar;C:\Users\James\.m2\repository\com\google\code\findbugs\jsr305\3.0.2\jsr305-3.0.2.jar;C:\Users\James\.m2\repository\com\google\errorprone\error_prone_annotations\2.11.0\error_prone_annotations-2.11.0.jar;C:\Users\James\.m2\repository\com\google\j2objc\j2objc-annotations\1.3\j2objc-annotations-1.3.jar;"/>
    <property name="sun.cpu.endian" value="little"/>
    <property name="user.home" value="C:\Users\James"/>
    <property name="user.language" value="en"/>
    <property name="java.specification.vendor" value="Oracle Corporation"/>
    <property name="java.home" value="C:\Users\James\.jdks\corretto-1.8.0_322\jre"/>
    <property name="basedir" value="D:\Files\Github\public\Event"/>
    <property name="file.separator" value="\"/>
    <property name="line.separator" value="&#10;"/>
    <property name="java.vm.specification.vendor" value="Oracle Corporation"/>
    <property name="java.specification.name" value="Java Platform API Specification"/>
    <property name="java.awt.graphicsenv" value="sun.awt.Win32GraphicsEnvironment"/>
    <property name="surefire.real.class.path" value="C:\Users\James\AppData\Local\Temp\surefire6275845046679764594\surefirebooter-20220720173155406_3.jar"/>
    <property name="sun.boot.class.path" value="C:\Users\James\.jdks\corretto-1.8.0_322\jre\lib\resources.jar;C:\Users\James\.jdks\corretto-1.8.0_322\jre\lib\rt.jar;C:\Users\James\.jdks\corretto-1.8.0_322\jre\lib\sunrsasign.jar;C:\Users\James\.jdks\corretto-1.8.0_322\jre\lib\jsse.jar;C:\Users\James\.jdks\corretto-1.8.0_322\jre\lib\jce.jar;C:\Users\James\.jdks\corretto-1.8.0_322\jre\lib\charsets.jar;C:\Users\James\.jdks\corretto-1.8.0_322\jre\lib\jfr.jar;C:\Users\James\.jdks\corretto-1.8.0_322\jre\classes"/>
    <property name="user.script" value=""/>
    <property name="sun.management.compiler" value="HotSpot 64-Bit Tiered Compilers"/>
    <property name="java.runtime.version" value="1.8.0_322-b06"/>
    <property name="user.name" value="James"/>
    <property name="path.separator" value=";"/>
    <property name="os.version" value="10.0"/>
    <property name="java.endorsed.dirs" value="C:\Users\James\.jdks\corretto-1.8.0_322\jre\lib\endorsed"/>
    <property name="java.runtime.name" value="OpenJDK Runtime Environment"/>
    <property name="file.encoding" value="Cp1252"/>
    <property name="java.vm.name" value="OpenJDK 64-Bit Server VM"/>
    <property name="localRepository" value="C:\Users\James\.m2\repository"/>
    <property name="java.vendor.url.bug" value="https://github.com/corretto/corretto-8/issues/"/>
    <property name="java.io.tmpdir" value="C:\Users\James\AppData\Local\Temp\"/>
    <property name="idea.version" value="2021.3.2"/>
    <property name="java.version" value="1.8.0_322"/>
    <property name="user.dir" value="D:\Files\Github\public\Event"/>
    <property name="os.arch" value="amd64"/>
    <property name="java.vm.specification.name" value="Java Virtual Machine Specification"/>
    <property name="java.awt.printerjob" value="sun.awt.windows.WPrinterJob"/>
    <property name="sun.os.patch.level" value=""/>
    <property name="java.library.path" value="C:\Users\James\.jdks\corretto-1.8.0_322\jre\bin;C:\WINDOWS\Sun\Java\bin;C:\WINDOWS\system32;C:\WINDOWS;C:\Program Files\Common Files\Oracle\Java\javapath;C:\WINDOWS;C:\WINDOWS\System32\Wbem;C:\WINDOWS\System32\WindowsPowerShell\v1.0\;C:\WINDOWS\System32\OpenSSH\;C:\Program Files\Git\cmd;C:\Program Files\PuTTY\;%JAVA_HOME%\bin;C:\Users\James\AppData\Local\Microsoft\WindowsApps;C:\ProgramData\James\GitHubDesktop\bin;C:\Users\James\AppData\Local\GitHubDesktop\bin;C:\Users\James\AppData\Local\Programs\Microsoft VS Code\bin;."/>
    <property name="java.vm.info" value="mixed mode"/>
    <property name="java.vendor" value="Amazon.com Inc."/>
    <property name="java.vm.version" value="25.322-b06"/>
    <property name="java.ext.dirs" value="C:\Users\James\.jdks\corretto-1.8.0_322\jre\lib\ext;C:\WINDOWS\Sun\Java\lib\ext"/>
    <property name="sun.io.unicode.encoding" value="UnicodeLittle"/>
    <property name="java.class.version" value="52.0"/>
  </properties>
  <testcase name="testRegisterAndUnregisterEvent" classname="me.pengu.event.EventBusTest" time="0.167"/>
  <testcase name="testCancellableEvents" classname="me.pengu.event.EventBusTest" time="0.002"/>
  <testcase name="testMethodSubscriber" classname="me.pengu.event.EventBusTest" time="0.006">
    <system-out><![CDATA[Nopublic java.lang.String java.lang.Object.toString()
Nopublic final native void java.lang.Object.notify()
Nopublic final void java.lang.Object.wait(long,int) throws java.lang.InterruptedException
Nopublic final native void java.lang.Object.wait(long) throws java.lang.InterruptedException
Nopublic final void java.lang.Object.wait() throws java.lang.InterruptedException
Yesprivate void me.pengu.event.EventBusTest$TestSubscriber.onTestEvent(me.pengu.event.EventBusTest$TestEvent)
Registering private void me.pengu.event.EventBusTest$TestSubscriber.onTestEvent(me.pengu.event.EventBusTest$TestEvent)
Ending registration private void me.pengu.event.EventBusTest$TestSubscriber.onTestEvent(me.pengu.event.EventBusTest$TestEvent)
Nopublic final native java.lang.Class java.lang.Object.getClass()
Nopublic native int java.lang.Object.hashCode()
Nopublic boolean java.lang.Object.equals(java.lang.Object)
Nopublic final native void java.lang.Object.notifyAll()
]]></system-out>
  </testcase>
</testsuite>