<?xml version="1.0" encoding="UTF-8"?>
<testsuite xmlns:xsi="http://www.w3.org/2001/XMLSchema-instance" xsi:noNamespaceSchemaLocation="https://maven.apache.org/surefire/maven-surefire-plugin/xsd/surefire-test-report-3.0.xsd" version="3.0" name="io.github.penguthepenguin.event.EventBusTest" time="0.149" tests="3" errors="0" skipped="0" failures="0">
  <properties>
    <property name="sun.desktop" value="windows"/>
    <property name="awt.toolkit" value="sun.awt.windows.WToolkit"/>
    <property name="file.encoding.pkg" value="sun.io"/>
    <property name="java.specification.version" value="1.8"/>
    <property name="sun.cpu.isalist" value="amd64"/>
    <property name="sun.jnu.encoding" value="Cp1252"/>
    <property name="java.class.path" value="C:\Users\James\Documents\IdeaProjects\new\Event\target\test-classes;C:\Users\James\Documents\IdeaProjects\new\Event\target\classes;C:\Users\James\.m2\repository\org\checkerframework\checker-qual\3.22.1\checker-qual-3.22.1.jar;C:\Users\James\.m2\repository\org\projectlombok\lombok\1.18.24\lombok-1.18.24.jar;C:\Users\James\.m2\repository\org\junit\jupiter\junit-jupiter-api\5.9.0-RC1\junit-jupiter-api-5.9.0-RC1.jar;C:\Users\James\.m2\repository\org\opentest4j\opentest4j\1.2.0\opentest4j-1.2.0.jar;C:\Users\James\.m2\repository\org\junit\platform\junit-platform-commons\1.9.0-RC1\junit-platform-commons-1.9.0-RC1.jar;C:\Users\James\.m2\repository\org\apiguardian\apiguardian-api\1.1.2\apiguardian-api-1.1.2.jar;C:\Users\James\.m2\repository\com\google\guava\guava\31.1-jre\guava-31.1-jre.jar;C:\Users\James\.m2\repository\com\google\guava\failureaccess\1.0.1\failureaccess-1.0.1.jar;C:\Users\James\.m2\repository\com\google\guava\listenablefuture\9999.0-empty-to-avoid-conflict-with-guava\listenablefuture-9999.0-empty-to-avoid-conflict-with-guava.jar;C:\Users\James\.m2\repository\com\google\code\findbugs\jsr305\3.0.2\jsr305-3.0.2.jar;C:\Users\James\.m2\repository\com\google\errorprone\error_prone_annotations\2.11.0\error_prone_annotations-2.11.0.jar;C:\Users\James\.m2\repository\com\google\j2objc\j2objc-annotations\1.3\j2objc-annotations-1.3.jar;C:\Users\James\.m2\repository\net\bytebuddy\byte-buddy\1.14.5\byte-buddy-1.14.5.jar;"/>
    <property name="java.vm.vendor" value="Amazon.com Inc."/>
    <property name="sun.arch.data.model" value="64"/>
    <property name="user.variant" value=""/>
    <property name="java.vendor.url" value="https://aws.amazon.com/corretto/"/>
    <property name="user.timezone" value="Europe/London"/>
    <property name="java.vm.specification.version" value="1.8"/>
    <property name="os.name" value="Windows 11"/>
    <property name="user.country" value="GB"/>
    <property name="sun.java.launcher" value="SUN_STANDARD"/>
    <property name="sun.boot.library.path" value="C:\Users\James\.jdks\corretto-1.8.0_372\jre\bin"/>
    <property name="sun.java.command" value="C:\Users\James\AppData\Local\Temp\surefire7952662665414775814\surefirebooter-20230708192633022_3.jar C:\Users\James\AppData\Local\Temp\surefire7952662665414775814 2023-07-08T19-26-32_485-jvmRun1 surefire-20230708192633022_1tmp surefire_0-20230708192633022_2tmp"/>
    <property name="surefire.test.class.path" value="C:\Users\James\Documents\IdeaProjects\new\Event\target\test-classes;C:\Users\James\Documents\IdeaProjects\new\Event\target\classes;C:\Users\James\.m2\repository\org\checkerframework\checker-qual\3.22.1\checker-qual-3.22.1.jar;C:\Users\James\.m2\repository\org\projectlombok\lombok\1.18.24\lombok-1.18.24.jar;C:\Users\James\.m2\repository\org\junit\jupiter\junit-jupiter-api\5.9.0-RC1\junit-jupiter-api-5.9.0-RC1.jar;C:\Users\James\.m2\repository\org\opentest4j\opentest4j\1.2.0\opentest4j-1.2.0.jar;C:\Users\James\.m2\repository\org\junit\platform\junit-platform-commons\1.9.0-RC1\junit-platform-commons-1.9.0-RC1.jar;C:\Users\James\.m2\repository\org\apiguardian\apiguardian-api\1.1.2\apiguardian-api-1.1.2.jar;C:\Users\James\.m2\repository\com\google\guava\guava\31.1-jre\guava-31.1-jre.jar;C:\Users\James\.m2\repository\com\google\guava\failureaccess\1.0.1\failureaccess-1.0.1.jar;C:\Users\James\.m2\repository\com\google\guava\listenablefuture\9999.0-empty-to-avoid-conflict-with-guava\listenablefuture-9999.0-empty-to-avoid-conflict-with-guava.jar;C:\Users\James\.m2\repository\com\google\code\findbugs\jsr305\3.0.2\jsr305-3.0.2.jar;C:\Users\James\.m2\repository\com\google\errorprone\error_prone_annotations\2.11.0\error_prone_annotations-2.11.0.jar;C:\Users\James\.m2\repository\com\google\j2objc\j2objc-annotations\1.3\j2objc-annotations-1.3.jar;C:\Users\James\.m2\repository\net\bytebuddy\byte-buddy\1.14.5\byte-buddy-1.14.5.jar;"/>
    <property name="sun.cpu.endian" value="little"/>
    <property name="user.home" value="C:\Users\James"/>
    <property name="user.language" value="en"/>
    <property name="java.specification.vendor" value="Oracle Corporation"/>
    <property name="java.home" value="C:\Users\James\.jdks\corretto-1.8.0_372\jre"/>
    <property name="basedir" value="C:\Users\James\Documents\IdeaProjects\new\Event"/>
    <property name="file.separator" value="\"/>
    <property name="line.separator" value="&#10;"/>
    <property name="java.vm.specification.vendor" value="Oracle Corporation"/>
    <property name="java.specification.name" value="Java Platform API Specification"/>
    <property name="java.awt.graphicsenv" value="sun.awt.Win32GraphicsEnvironment"/>
    <property name="surefire.real.class.path" value="C:\Users\James\AppData\Local\Temp\surefire7952662665414775814\surefirebooter-20230708192633022_3.jar"/>
    <property name="sun.boot.class.path" value="C:\Users\James\.jdks\corretto-1.8.0_372\jre\lib\resources.jar;C:\Users\James\.jdks\corretto-1.8.0_372\jre\lib\rt.jar;C:\Users\James\.jdks\corretto-1.8.0_372\jre\lib\sunrsasign.jar;C:\Users\James\.jdks\corretto-1.8.0_372\jre\lib\jsse.jar;C:\Users\James\.jdks\corretto-1.8.0_372\jre\lib\jce.jar;C:\Users\James\.jdks\corretto-1.8.0_372\jre\lib\charsets.jar;C:\Users\James\.jdks\corretto-1.8.0_372\jre\lib\jfr.jar;C:\Users\James\.jdks\corretto-1.8.0_372\jre\classes"/>
    <property name="user.script" value=""/>
    <property name="sun.management.compiler" value="HotSpot 64-Bit Tiered Compilers"/>
    <property name="java.runtime.version" value="1.8.0_372-b07"/>
    <property name="user.name" value="James"/>
    <property name="path.separator" value=";"/>
    <property name="os.version" value="10.0"/>
    <property name="java.endorsed.dirs" value="C:\Users\James\.jdks\corretto-1.8.0_372\jre\lib\endorsed"/>
    <property name="java.runtime.name" value="OpenJDK Runtime Environment"/>
    <property name="file.encoding" value="Cp1252"/>
    <property name="java.vm.name" value="OpenJDK 64-Bit Server VM"/>
    <property name="localRepository" value="C:\Users\James\.m2\repository"/>
    <property name="java.vendor.url.bug" value="https://github.com/corretto/corretto-8/issues/"/>
    <property name="java.io.tmpdir" value="C:\Users\James\AppData\Local\Temp\"/>
    <property name="idea.version" value="2023.1.3"/>
    <property name="java.version" value="1.8.0_372"/>
    <property name="user.dir" value="C:\Users\James\Documents\IdeaProjects\new\Event"/>
    <property name="os.arch" value="amd64"/>
    <property name="java.vm.specification.name" value="Java Virtual Machine Specification"/>
    <property name="java.awt.printerjob" value="sun.awt.windows.WPrinterJob"/>
    <property name="sun.os.patch.level" value=""/>
    <property name="java.library.path" value="C:\Users\James\.jdks\corretto-1.8.0_372\jre\bin;C:\WINDOWS\Sun\Java\bin;C:\WINDOWS\system32;C:\WINDOWS;C:\Python311\Scripts\;C:\Python311\;C:\WINDOWS\system32;C:\WINDOWS;C:\WINDOWS\System32\Wbem;C:\WINDOWS\System32\WindowsPowerShell\v1.0\;C:\WINDOWS\System32\OpenSSH\;C:\Program Files\dotnet\;C:\ProgramData\chocolatey\bin;C:\Program Files\Git\cmd;C:\Program Files\Java\jdk-20\bin;C:\Program Files\nodejs\;C:\Program Files\GitHub CLI\;C:\Program Files (x86)\Gpg4win\..\GnuPG\bin;C:\Program Files\Apache\apache-maven-3.9.3\bin;C:\Users\James\AppData\Local\Microsoft\WindowsApps;C:\Users\James\AppData\Local\Programs\Microsoft VS Code\bin;C:\Users\James\AppData\Roaming\npm;C:\Users\James\AppData\Local\GitHubDesktop\bin;C:\Program Files\GnuPG;;."/>
    <property name="java.vm.info" value="mixed mode"/>
    <property name="java.vendor" value="Amazon.com Inc."/>
    <property name="java.vm.version" value="25.372-b07"/>
    <property name="java.specification.maintenance.version" value="4"/>
    <property name="java.ext.dirs" value="C:\Users\James\.jdks\corretto-1.8.0_372\jre\lib\ext;C:\WINDOWS\Sun\Java\lib\ext"/>
    <property name="sun.io.unicode.encoding" value="UnicodeLittle"/>
    <property name="java.class.version" value="52.0"/>
  </properties>
  <testcase name="testRegisterAndUnregisterEvent" classname="io.github.penguthepenguin.event.EventBusTest" time="0.116"/>
  <testcase name="testCancellableEvents" classname="io.github.penguthepenguin.event.EventBusTest" time="0.002"/>
  <testcase name="testMethodSubscriber" classname="io.github.penguthepenguin.event.EventBusTest" time="0.004"/>
</testsuite>